ASSERTION	AAECAAMFAAAAAAAAAAhA
RUN	simulations.CreateApplicationSimulation	createapplicationsimulation	1639756974433	 	3.7.2
USER	Create and submit application	START	1639756975340
REQUEST		get login page	1639757034295	1639757034712	OK	 
REQUEST		login	1639757035293	1639757035541	OK	 
REQUEST		login Redirect 1	1639757036292	1639757036525	OK	 
REQUEST		login	1639757037294	1639757037565	OK	 
REQUEST		login Redirect 1	1639757038292	1639757038536	OK	 
REQUEST		change password	1639757039295	1639757039570	OK	 
REQUEST		change password Redirect 1	1639757040295	1639757040521	OK	 
REQUEST		change password Redirect 2	1639757041293	1639757042269	OK	 
REQUEST		choose country	1639757042292	1639757042859	OK	 
REQUEST		choose country Redirect 1	1639757043295	1639757043785	OK	 
REQUEST		Show dashboard	1639757044294	1639757044500	OK	 
REQUEST		Show dashboard Redirect 1	1639757045294	1639757045627	OK	 
REQUEST		business type	1639757046293	1639757046860	OK	 
REQUEST		business type Redirect 1	1639757047293	1639757047818	OK	 
REQUEST		business details	1639757048292	1639757048844	OK	 
REQUEST		business details Redirect 1	1639757049292	1639757049782	OK	 
REQUEST		addresses	1639757050293	1639757050822	OK	 
REQUEST		addresses Redirect 1	1639757051293	1639757051741	KO	css((h1:contains('Addresses'),None)).find.exists, found nothing
REQUEST		people	1639757052293	1639757053074	OK	 
REQUEST		people Redirect 1	1639757053295	1639757053740	OK	 
REQUEST		people	1639757054293	1639757054967	OK	 
REQUEST		people Redirect 1	1639757055293	1639757055778	OK	 
REQUEST		add operating centres	1639757056294	1639757056924	OK	 
REQUEST		add operating centres Redirect 1	1639757057294	1639757057784	OK	 
REQUEST		submit operating centres	1639757058293	1639757058859	OK	 
REQUEST		submit operating centres Redirect 1	1639757059293	1639757059740	OK	 
REQUEST		submit financial evidence	1639757060293	1639757060860	OK	 
REQUEST		add transport manager	1639757061293	1639757061725	OK	 
REQUEST		add transport manager Redirect 1	1639757062292	1639757062726	OK	 
REQUEST		select transport manager	1639757063293	1639757063725	OK	 
REQUEST		select transport manager Redirect 1	1639757064295	1639757064947	OK	 
REQUEST		select transport manager Redirect 2	1639757065294	1639757066001	OK	 
REQUEST		submit transport manager	1639757066294	1639757066892	OK	 
REQUEST		submit check your answers	1639757067293	1639757067723	OK	 
REQUEST		submit check your answers Redirect 1	1639757068292	1639757068732	OK	 
REQUEST		submit check your answers	1639757069293	1639757069757	OK	 
REQUEST		submit check your answers Redirect 1	1639757070293	1639757070754	OK	 
REQUEST		submit vehicle	1639757071293	1639757071918	OK	 
REQUEST		submit vehicle Redirect 1	1639757072294	1639757072839	OK	 
REQUEST		add safety	1639757073293	1639757073799	OK	 
REQUEST		add safety Redirect 1	1639757074293	1639757074786	OK	 
USER	Create and submit application	START	1639757075323
REQUEST		safety compliance	1639757075294	1639757075917	OK	 
REQUEST		get login page	1639757076293	1639757076648	OK	 
REQUEST		safety compliance Redirect 1	1639757077292	1639757077729	OK	 
REQUEST		login	1639757078293	1639757078533	OK	 
REQUEST		finance history	1639757079293	1639757079943	OK	 
REQUEST		login Redirect 1	1639757080293	1639757080531	OK	 
REQUEST		finance history Redirect 1	1639757081292	1639757081812	OK	 
REQUEST		login	1639757082292	1639757082572	OK	 
REQUEST		licence history	1639757083294	1639757083958	OK	 
REQUEST		login Redirect 1	1639757084293	1639757084545	OK	 
REQUEST		licence history Redirect 1	1639757085293	1639757085759	OK	 
REQUEST		change password	1639757086293	1639757086567	OK	 
REQUEST		convictions penalties	1639757087293	1639757087896	OK	 
REQUEST		change password Redirect 1	1639757088293	1639757088521	OK	 
REQUEST		convictions penalties Redirect 1	1639757089295	1639757089724	OK	 
REQUEST		change password Redirect 2	1639757090292	1639757090601	OK	 
REQUEST		undertakings	1639757091295	1639757091930	OK	 
USER	Create and submit application	END	1639757091933
REQUEST		choose country	1639757092293	1639757092718	OK	 
REQUEST		choose country Redirect 1	1639757093295	1639757093793	OK	 
REQUEST		Show dashboard	1639757094294	1639757094519	OK	 
REQUEST		Show dashboard Redirect 1	1639757095295	1639757095774	OK	 
REQUEST		business type	1639757096293	1639757096805	OK	 
REQUEST		business type Redirect 1	1639757097292	1639757097713	OK	 
REQUEST		business details	1639757098293	1639757098865	OK	 
REQUEST		business details Redirect 1	1639757099294	1639757099766	OK	 
REQUEST		addresses	1639757100294	1639757100908	OK	 
REQUEST		addresses Redirect 1	1639757101293	1639757101920	KO	css((h1:contains('Addresses'),None)).find.exists, found nothing
REQUEST		people	1639757102293	1639757103054	OK	 
REQUEST		people Redirect 1	1639757103293	1639757103772	OK	 
REQUEST		people	1639757104294	1639757104922	OK	 
REQUEST		people Redirect 1	1639757105293	1639757105809	OK	 
REQUEST		add operating centres	1639757106294	1639757106985	OK	 
REQUEST		add operating centres Redirect 1	1639757107292	1639757107753	OK	 
REQUEST		submit operating centres	1639757108293	1639757108856	OK	 
REQUEST		submit operating centres Redirect 1	1639757109292	1639757109774	OK	 
REQUEST		submit financial evidence	1639757110294	1639757110770	OK	 
REQUEST		add transport manager	1639757111294	1639757111705	OK	 
REQUEST		add transport manager Redirect 1	1639757112293	1639757112751	OK	 
REQUEST		select transport manager	1639757113292	1639757113797	OK	 
REQUEST		select transport manager Redirect 1	1639757114292	1639757114920	OK	 
REQUEST		select transport manager Redirect 2	1639757115293	1639757115903	OK	 
REQUEST		submit transport manager	1639757116294	1639757116872	OK	 
REQUEST		submit check your answers	1639757117295	1639757117707	OK	 
REQUEST		submit check your answers Redirect 1	1639757118293	1639757118729	OK	 
REQUEST		submit check your answers	1639757119293	1639757119738	OK	 
REQUEST		submit check your answers Redirect 1	1639757120294	1639757120762	OK	 
REQUEST		submit vehicle	1639757121295	1639757121858	OK	 
REQUEST		submit vehicle Redirect 1	1639757122294	1639757122749	OK	 
REQUEST		add safety	1639757123292	1639757123832	OK	 
REQUEST		add safety Redirect 1	1639757124293	1639757124797	OK	 
REQUEST		safety compliance	1639757125295	1639757125882	OK	 
REQUEST		safety compliance Redirect 1	1639757126292	1639757126802	OK	 
REQUEST		finance history	1639757127293	1639757128030	OK	 
REQUEST		finance history Redirect 1	1639757128293	1639757128853	OK	 
REQUEST		licence history	1639757129292	1639757129945	OK	 
REQUEST		licence history Redirect 1	1639757130295	1639757130798	OK	 
REQUEST		convictions penalties	1639757131295	1639757131911	OK	 
REQUEST		convictions penalties Redirect 1	1639757132292	1639757132716	OK	 
REQUEST		undertakings	1639757133292	1639757133916	OK	 
USER	Create and submit application	END	1639757133917
USER	Create and submit application	START	1639757175322
REQUEST		get login page	1639757175323	1639757178746	OK	 
REQUEST		login	1639757178750	1639757179004	OK	 
REQUEST		login Redirect 1	1639757179294	1639757179530	OK	 
REQUEST		login	1639757180292	1639757180546	OK	 
REQUEST		login Redirect 1	1639757181293	1639757181550	OK	 
REQUEST		change password	1639757182293	1639757182570	OK	 
REQUEST		change password Redirect 1	1639757183294	1639757183528	OK	 
REQUEST		change password Redirect 2	1639757184292	1639757184603	OK	 
REQUEST		choose country	1639757185293	1639757185734	OK	 
REQUEST		choose country Redirect 1	1639757186295	1639757186789	OK	 
REQUEST		Show dashboard	1639757187292	1639757187496	OK	 
REQUEST		Show dashboard Redirect 1	1639757188293	1639757188653	OK	 
REQUEST		business type	1639757189295	1639757189856	OK	 
REQUEST		business type Redirect 1	1639757190293	1639757190756	OK	 
REQUEST		business details	1639757191295	1639757191846	OK	 
REQUEST		business details Redirect 1	1639757192293	1639757192751	OK	 
REQUEST		addresses	1639757193294	1639757193797	OK	 
REQUEST		addresses Redirect 1	1639757194292	1639757194734	KO	css((h1:contains('Addresses'),None)).find.exists, found nothing
REQUEST		people	1639757195293	1639757195951	OK	 
REQUEST		people Redirect 1	1639757196293	1639757196740	OK	 
REQUEST		people	1639757197293	1639757197863	OK	 
REQUEST		people Redirect 1	1639757198292	1639757198760	OK	 
REQUEST		add operating centres	1639757199292	1639757199924	OK	 
REQUEST		add operating centres Redirect 1	1639757200294	1639757200762	OK	 
REQUEST		submit operating centres	1639757201294	1639757201859	OK	 
REQUEST		submit operating centres Redirect 1	1639757202293	1639757202744	OK	 
REQUEST		submit financial evidence	1639757203293	1639757203763	OK	 
REQUEST		add transport manager	1639757204293	1639757204716	OK	 
REQUEST		add transport manager Redirect 1	1639757205293	1639757205734	OK	 
REQUEST		select transport manager	1639757206294	1639757206673	OK	 
REQUEST		select transport manager Redirect 1	1639757207293	1639757207825	OK	 
REQUEST		select transport manager Redirect 2	1639757208293	1639757208845	OK	 
REQUEST		submit transport manager	1639757209293	1639757209828	OK	 
REQUEST		submit check your answers	1639757210292	1639757210730	OK	 
REQUEST		submit check your answers Redirect 1	1639757211293	1639757211729	OK	 
REQUEST		submit check your answers	1639757212292	1639757212725	OK	 
REQUEST		submit check your answers Redirect 1	1639757213293	1639757213741	OK	 
REQUEST		submit vehicle	1639757214292	1639757214843	OK	 
REQUEST		submit vehicle Redirect 1	1639757215293	1639757215751	OK	 
REQUEST		add safety	1639757216292	1639757216785	OK	 
REQUEST		add safety Redirect 1	1639757217293	1639757217770	OK	 
REQUEST		safety compliance	1639757218294	1639757218844	OK	 
REQUEST		safety compliance Redirect 1	1639757219294	1639757219751	OK	 
REQUEST		finance history	1639757220293	1639757220992	OK	 
REQUEST		finance history Redirect 1	1639757221292	1639757221790	OK	 
REQUEST		licence history	1639757222292	1639757223159	OK	 
REQUEST		licence history Redirect 1	1639757223293	1639757223783	OK	 
REQUEST		convictions penalties	1639757224293	1639757224905	OK	 
REQUEST		convictions penalties Redirect 1	1639757225292	1639757225749	OK	 
REQUEST		undertakings	1639757226292	1639757226904	OK	 
USER	Create and submit application	END	1639757226905
