ASSERTION	AAEBAAMFAAAAAAAAAAAA
RUN	simulations.RegisterUserSimulation	registerusersimulation	1641903899982	 	3.7.2
USER	VOL New User Registration	START	1641903900341
USER	VOL New User Registration	START	1641903960313
REQUEST		get register page	1641903959307	1641903963331	OK	 
REQUEST		get register page	1641903960314	1641903963331	OK	 
REQUEST		register a new account	1641903963382	1641903968118	OK	 
USER	VOL New User Registration	END	1641903968131
REQUEST		register a new account	1641903964282	1641903970867	OK	 
USER	VOL New User Registration	END	1641903970868
USER	VOL New User Registration	START	1641904020313
REQUEST		get register page	1641904020316	1641904020763	OK	 
REQUEST		register a new account	1641904021281	1641904025254	OK	 
USER	VOL New User Registration	END	1641904025255
USER	VOL New User Registration	START	1641904080313
REQUEST		get register page	1641904080314	1641904080728	OK	 
REQUEST		register a new account	1641904081281	1641904085159	OK	 
USER	VOL New User Registration	END	1641904085160
USER	VOL New User Registration	START	1641904140312
REQUEST		get register page	1641904140312	1641904143939	OK	 
REQUEST		register a new account	1641904143941	1641904148747	OK	 
USER	VOL New User Registration	END	1641904148747
USER	VOL New User Registration	START	1641904200312
REQUEST		get register page	1641904200314	1641904200871	OK	 
REQUEST		register a new account	1641904201283	1641904206375	OK	 
USER	VOL New User Registration	END	1641904206376
USER	VOL New User Registration	START	1641904260312
REQUEST		get register page	1641904260313	1641904260874	OK	 
REQUEST		register a new account	1641904261282	1641904265071	OK	 
USER	VOL New User Registration	END	1641904265072
USER	VOL New User Registration	START	1641904320312
REQUEST		get register page	1641904320313	1641904320780	OK	 
REQUEST		register a new account	1641904321281	1641904324929	OK	 
USER	VOL New User Registration	END	1641904324930
USER	VOL New User Registration	START	1641904380313
REQUEST		get register page	1641904380314	1641904380748	OK	 
REQUEST		register a new account	1641904381281	1641904385009	OK	 
USER	VOL New User Registration	END	1641904385010
USER	VOL New User Registration	START	1641904440313
REQUEST		get register page	1641904440314	1641904440789	OK	 
REQUEST		register a new account	1641904441282	1641904444935	OK	 
USER	VOL New User Registration	END	1641904444936
USER	VOL New User Registration	START	1641904500313
REQUEST		get register page	1641904500314	1641904503890	OK	 
REQUEST		register a new account	1641904503891	1641904508581	OK	 
USER	VOL New User Registration	END	1641904508582
USER	VOL New User Registration	START	1641904560313
REQUEST		get register page	1641904560313	1641904560722	OK	 
REQUEST		register a new account	1641904561281	1641904564813	OK	 
USER	VOL New User Registration	END	1641904564814
USER	VOL New User Registration	START	1641904620312
REQUEST		get register page	1641904620313	1641904624187	OK	 
REQUEST		register a new account	1641904624188	1641904628899	OK	 
USER	VOL New User Registration	END	1641904628900
USER	VOL New User Registration	START	1641904680312
REQUEST		get register page	1641904680313	1641904680698	OK	 
REQUEST		register a new account	1641904681280	1641904684786	OK	 
USER	VOL New User Registration	END	1641904684787
USER	VOL New User Registration	START	1641904740313
REQUEST		get register page	1641904740314	1641904740749	OK	 
REQUEST		register a new account	1641904741281	1641904744953	OK	 
USER	VOL New User Registration	END	1641904744954
USER	VOL New User Registration	START	1641904800312
REQUEST		get register page	1641904800313	1641904800769	OK	 
REQUEST		register a new account	1641904801280	1641904804924	OK	 
USER	VOL New User Registration	END	1641904804925
USER	VOL New User Registration	START	1641904860312
REQUEST		get register page	1641904860313	1641904860745	OK	 
REQUEST		register a new account	1641904861283	1641904864931	OK	 
USER	VOL New User Registration	END	1641904864932
USER	VOL New User Registration	START	1641904920312
REQUEST		get register page	1641904920313	1641904920710	OK	 
REQUEST		register a new account	1641904921280	1641904924844	OK	 
USER	VOL New User Registration	END	1641904924845
USER	VOL New User Registration	START	1641904980312
REQUEST		get register page	1641904980312	1641904983892	OK	 
REQUEST		register a new account	1641904983894	1641904988605	OK	 
USER	VOL New User Registration	END	1641904988606
USER	VOL New User Registration	START	1641905040313
REQUEST		get register page	1641905040314	1641905040751	OK	 
REQUEST		register a new account	1641905041282	1641905044846	OK	 
USER	VOL New User Registration	END	1641905044847
