ASSERTION	AAECAAMFAAAAAAAAAAhA
RUN	simulations.CreateApplicationSimulation	createapplicationsimulation	1639756477029	 	3.7.2
USER	Create and submit application	START	1639756478109
REQUEST		get login page	1639756537058	1639756540571	OK	 
REQUEST		login	1639756540612	1639756540858	OK	 
REQUEST		login Redirect 1	1639756541059	1639756541313	OK	 
REQUEST		login	1639756542056	1639756542325	OK	 
REQUEST		login Redirect 1	1639756543058	1639756543426	OK	 
ERROR	change password: Failed to build request: No attribute named 'Location' is defined 	1639756543432
REQUEST		choose country	1639756544059	1639756544094	OK	 
REQUEST		choose country Redirect 1	1639756545058	1639756545328	OK	 
REQUEST		Show dashboard	1639756546058	1639756546239	OK	 
REQUEST		Show dashboard Redirect 1	1639756547057	1639756547316	KO	regex(href="/application/([^"]*)/").find.exists, found nothing
ERROR	business type: Failed to build request: No attribute named 'applicationId' is defined 	1639756547331
ERROR	business details: Failed to build request: No attribute named 'applicationId' is defined 	1639756547331
ERROR	addresses: Failed to build request: No attribute named 'applicationId' is defined 	1639756547331
ERROR	people: Failed to build request: No attribute named 'applicationId' is defined 	1639756547332
ERROR	people: Failed to build request: No attribute named 'applicationId' is defined 	1639756547332
ERROR	add operating centres: Failed to build request: No attribute named 'applicationId' is defined 	1639756547332
ERROR	submit operating centres: Failed to build request: No attribute named 'applicationId' is defined 	1639756547332
ERROR	submit financial evidence: Failed to build request: No attribute named 'applicationId' is defined 	1639756547332
ERROR	add transport manager: Failed to build request: No attribute named 'applicationId' is defined 	1639756547333
ERROR	select transport manager: Failed to build request: No attribute named 'applicationId' is defined 	1639756547333
ERROR	submit transport manager: Failed to build request: No attribute named 'applicationId' is defined 	1639756547333
ERROR	submit check your answers: Failed to build request: No attribute named 'applicationId' is defined 	1639756547333
ERROR	submit check your answers: Failed to build request: No attribute named 'applicationId' is defined 	1639756547333
ERROR	submit vehicle: Failed to build request: No attribute named 'applicationId' is defined 	1639756547333
ERROR	add safety: Failed to build request: No attribute named 'applicationId' is defined 	1639756547334
ERROR	safety compliance: Failed to build request: No attribute named 'applicationId' is defined 	1639756547334
ERROR	finance history: Failed to build request: No attribute named 'applicationId' is defined 	1639756547334
ERROR	licence history: Failed to build request: No attribute named 'applicationId' is defined 	1639756547334
ERROR	convictions penalties: Failed to build request: No attribute named 'applicationId' is defined 	1639756547334
ERROR	undertakings: Failed to build request: No attribute named 'applicationId' is defined 	1639756547334
USER	Create and submit application	END	1639756547341
USER	Create and submit application	START	1639756578089
REQUEST		get login page	1639756578090	1639756578446	OK	 
REQUEST		login	1639756579056	1639756579259	OK	 
REQUEST		login Redirect 1	1639756580058	1639756580302	OK	 
REQUEST		login	1639756581057	1639756581412	OK	 
REQUEST		login Redirect 1	1639756582057	1639756582335	OK	 
ERROR	change password: Failed to build request: No attribute named 'Location' is defined 	1639756582336
REQUEST		choose country	1639756583058	1639756583094	OK	 
REQUEST		choose country Redirect 1	1639756584056	1639756584309	OK	 
REQUEST		Show dashboard	1639756585056	1639756585235	OK	 
REQUEST		Show dashboard Redirect 1	1639756586058	1639756586299	KO	regex(href="/application/([^"]*)/").find.exists, found nothing
ERROR	business type: Failed to build request: No attribute named 'applicationId' is defined 	1639756586300
ERROR	business details: Failed to build request: No attribute named 'applicationId' is defined 	1639756586301
ERROR	addresses: Failed to build request: No attribute named 'applicationId' is defined 	1639756586301
ERROR	people: Failed to build request: No attribute named 'applicationId' is defined 	1639756586301
ERROR	people: Failed to build request: No attribute named 'applicationId' is defined 	1639756586301
ERROR	add operating centres: Failed to build request: No attribute named 'applicationId' is defined 	1639756586301
ERROR	submit operating centres: Failed to build request: No attribute named 'applicationId' is defined 	1639756586301
ERROR	submit financial evidence: Failed to build request: No attribute named 'applicationId' is defined 	1639756586301
ERROR	add transport manager: Failed to build request: No attribute named 'applicationId' is defined 	1639756586301
ERROR	select transport manager: Failed to build request: No attribute named 'applicationId' is defined 	1639756586301
ERROR	submit transport manager: Failed to build request: No attribute named 'applicationId' is defined 	1639756586302
ERROR	submit check your answers: Failed to build request: No attribute named 'applicationId' is defined 	1639756586302
ERROR	submit check your answers: Failed to build request: No attribute named 'applicationId' is defined 	1639756586302
ERROR	submit vehicle: Failed to build request: No attribute named 'applicationId' is defined 	1639756586302
ERROR	add safety: Failed to build request: No attribute named 'applicationId' is defined 	1639756586302
ERROR	safety compliance: Failed to build request: No attribute named 'applicationId' is defined 	1639756586302
ERROR	finance history: Failed to build request: No attribute named 'applicationId' is defined 	1639756586302
ERROR	licence history: Failed to build request: No attribute named 'applicationId' is defined 	1639756586302
ERROR	convictions penalties: Failed to build request: No attribute named 'applicationId' is defined 	1639756586303
ERROR	undertakings: Failed to build request: No attribute named 'applicationId' is defined 	1639756586303
USER	Create and submit application	END	1639756586306
USER	Create and submit application	START	1639756678088
REQUEST		get login page	1639756678090	1639756678536	OK	 
REQUEST		login	1639756679056	1639756679308	OK	 
REQUEST		login Redirect 1	1639756680055	1639756680315	OK	 
REQUEST		login	1639756681056	1639756681337	OK	 
REQUEST		login Redirect 1	1639756682058	1639756682382	OK	 
ERROR	change password: Failed to build request: No attribute named 'Location' is defined 	1639756682383
REQUEST		choose country	1639756683057	1639756683099	OK	 
REQUEST		choose country Redirect 1	1639756684056	1639756684310	OK	 
REQUEST		Show dashboard	1639756685057	1639756685229	OK	 
REQUEST		Show dashboard Redirect 1	1639756686056	1639756686289	KO	regex(href="/application/([^"]*)/").find.exists, found nothing
ERROR	business type: Failed to build request: No attribute named 'applicationId' is defined 	1639756686290
ERROR	business details: Failed to build request: No attribute named 'applicationId' is defined 	1639756686290
ERROR	addresses: Failed to build request: No attribute named 'applicationId' is defined 	1639756686290
ERROR	people: Failed to build request: No attribute named 'applicationId' is defined 	1639756686290
ERROR	people: Failed to build request: No attribute named 'applicationId' is defined 	1639756686290
ERROR	add operating centres: Failed to build request: No attribute named 'applicationId' is defined 	1639756686290
ERROR	submit operating centres: Failed to build request: No attribute named 'applicationId' is defined 	1639756686291
ERROR	submit financial evidence: Failed to build request: No attribute named 'applicationId' is defined 	1639756686291
ERROR	add transport manager: Failed to build request: No attribute named 'applicationId' is defined 	1639756686291
ERROR	select transport manager: Failed to build request: No attribute named 'applicationId' is defined 	1639756686291
ERROR	submit transport manager: Failed to build request: No attribute named 'applicationId' is defined 	1639756686291
ERROR	submit check your answers: Failed to build request: No attribute named 'applicationId' is defined 	1639756686291
ERROR	submit check your answers: Failed to build request: No attribute named 'applicationId' is defined 	1639756686291
ERROR	submit vehicle: Failed to build request: No attribute named 'applicationId' is defined 	1639756686291
ERROR	add safety: Failed to build request: No attribute named 'applicationId' is defined 	1639756686292
ERROR	safety compliance: Failed to build request: No attribute named 'applicationId' is defined 	1639756686292
ERROR	finance history: Failed to build request: No attribute named 'applicationId' is defined 	1639756686292
ERROR	licence history: Failed to build request: No attribute named 'applicationId' is defined 	1639756686292
ERROR	convictions penalties: Failed to build request: No attribute named 'applicationId' is defined 	1639756686292
ERROR	undertakings: Failed to build request: No attribute named 'applicationId' is defined 	1639756686292
USER	Create and submit application	END	1639756686294
