ASSERTION	AAECAAMFAAAAAAAAAAhA
RUN	simulations.CreateApplicationSimulation	createapplicationsimulation	1639397697145	 	3.7.2
USER	Create and submit application	START	1639397698119
REQUEST		get login page	1639397757069	1639397760580	OK	 
REQUEST		login	1639397760625	1639397762017	OK	 
REQUEST		login Redirect 1	1639397762022	1639397762833	OK	 
REQUEST		login Redirect 2	1639397762834	1639397763347	OK	 
ERROR	change password: Failed to build request: No attribute named 'Location' is defined 	1639397763353
REQUEST		choose country	1639397763359	1639397764297	OK	 
REQUEST		choose country Redirect 1	1639397764298	1639397764911	OK	 
REQUEST		Show dashboard	1639397765070	1639397765147	OK	 
REQUEST		Show dashboard Redirect 1	1639397766069	1639397766422	OK	 
REQUEST		business type	1639397767070	1639397767912	OK	 
REQUEST		business type Redirect 1	1639397768071	1639397768556	KO	css((h1:contains('Business type'),None)).find.exists, found nothing
REQUEST		business details	1639397769068	1639397769577	KO	status.find.in(200,201,202,203,204,205,206,207,208,209,304), found 404
REQUEST		addresses	1639397770070	1639397770599	OK	 
REQUEST		addresses Redirect 1	1639397771068	1639397771659	KO	css((h1:contains('Addresses'),None)).find.exists, found nothing
REQUEST		people	1639397772069	1639397772668	OK	 
REQUEST		people Redirect 1	1639397773068	1639397773504	OK	 
REQUEST		people	1639397774070	1639397774609	OK	 
REQUEST		people Redirect 1	1639397775068	1639397775590	OK	 
REQUEST		add operating centres	1639397776069	1639397777068	OK	 
REQUEST		submit operating centres	1639397777070	1639397777569	OK	 
REQUEST		submit operating centres Redirect 1	1639397778069	1639397778458	OK	 
REQUEST		submit financial evidence	1639397779069	1639397779630	OK	 
REQUEST		add transport manager	1639397780069	1639397780404	OK	 
REQUEST		add transport manager Redirect 1	1639397781069	1639397781472	OK	 
REQUEST		select transport manager	1639397782069	1639397782392	OK	 
REQUEST		select transport manager Redirect 1	1639397783069	1639397783596	KO	currentLocationRegex(details/(.*)).find.exists, found nothing
ERROR	submit transport manager: Failed to build request: No attribute named 'tmaId' is defined 	1639397783598
ERROR	submit check your answers: Failed to build request: No attribute named 'tmaId' is defined 	1639397783598
ERROR	submit check your answers: Failed to build request: No attribute named 'tmaId' is defined 	1639397783598
REQUEST		submit vehicle	1639397784071	1639397784604	OK	 
REQUEST		submit vehicle Redirect 1	1639397785069	1639397785417	OK	 
REQUEST		add safety	1639397786070	1639397786465	OK	 
REQUEST		add safety Redirect 1	1639397787068	1639397787512	OK	 
REQUEST		safety compliance	1639397788068	1639397788538	OK	 
REQUEST		safety compliance Redirect 1	1639397789069	1639397789427	OK	 
REQUEST		finance history	1639397790071	1639397790596	OK	 
REQUEST		finance history Redirect 1	1639397791069	1639397791506	OK	 
REQUEST		licence history	1639397792068	1639397792555	OK	 
REQUEST		licence history Redirect 1	1639397793069	1639397793454	OK	 
REQUEST		convictions penalties	1639397794068	1639397794535	OK	 
REQUEST		convictions penalties Redirect 1	1639397795070	1639397795466	OK	 
REQUEST		undertakings	1639397796068	1639397796529	OK	 
USER	Create and submit application	END	1639397796532
